[0m22:39:34.261207 [debug] [MainThread]: Sending event: {'category': 'dbt', 'action': 'invocation', 'label': 'start', 'context': [<snowplow_tracker.self_describing_json.SelfDescribingJson object at 0x111eec610>, <snowplow_tracker.self_describing_json.SelfDescribingJson object at 0x113e73040>, <snowplow_tracker.self_describing_json.SelfDescribingJson object at 0x113ebf970>]}


============================== 22:39:34.269713 | 32476ac6-0c62-43dc-a802-e146e70dc0d9 ==============================
[0m22:39:34.269713 [info ] [MainThread]: Running with dbt=1.7.4
[0m22:39:34.271190 [debug] [MainThread]: running dbt with arguments {'printer_width': '80', 'indirect_selection': 'eager', 'write_json': 'True', 'log_cache_events': 'False', 'partial_parse': 'True', 'cache_selected_only': 'False', 'profiles_dir': '/Users/mac/.dbt', 'fail_fast': 'False', 'debug': 'False', 'log_path': 'logs', 'version_check': 'True', 'warn_error': 'None', 'use_colors': 'True', 'use_experimental_parser': 'False', 'no_print': 'None', 'quiet': 'False', 'warn_error_options': 'WarnErrorOptions(include=[], exclude=[])', 'introspect': 'True', 'log_format': 'default', 'static_parser': 'True', 'target_path': 'None', 'invocation_command': 'dbt init ShopEase-dbt', 'send_anonymous_usage_stats': 'True'}
[0m22:39:59.140699 [debug] [MainThread]: Starter project path: /Users/mac/Documents/dbt/lib/python3.9/site-packages/dbt/include/starter_project
[0m22:39:59.156829 [info ] [MainThread]: 
Your new dbt project "ShopEase_dbt" was created!

For more information on how to configure the profiles.yml file,
please consult the dbt documentation here:

  https://docs.getdbt.com/docs/configure-your-profile

One more thing:

Need help? Don't hesitate to reach out to us via GitHub issues or on Slack:

  https://community.getdbt.com/

Happy modeling!

[0m22:39:59.157940 [info ] [MainThread]: Setting up your profile.
[0m22:41:20.293422 [info ] [MainThread]: Profile ShopEase_dbt written to /Users/mac/.dbt/profiles.yml using target's profile_template.yml and your supplied values. Run 'dbt debug' to validate the connection.
[0m22:41:20.297850 [debug] [MainThread]: Resource report: {"command_name": "init", "command_success": true, "command_wall_clock_time": 106.199, "process_user_time": 3.445403, "process_kernel_time": 0.437531, "process_mem_max_rss": "96882688", "process_in_blocks": "0", "process_out_blocks": "0"}
[0m22:41:20.299240 [debug] [MainThread]: Command `dbt init` succeeded at 22:41:20.298994 after 106.20 seconds
[0m22:41:20.299895 [debug] [MainThread]: Sending event: {'category': 'dbt', 'action': 'invocation', 'label': 'end', 'context': [<snowplow_tracker.self_describing_json.SelfDescribingJson object at 0x111eec610>, <snowplow_tracker.self_describing_json.SelfDescribingJson object at 0x10fe7f4c0>, <snowplow_tracker.self_describing_json.SelfDescribingJson object at 0x113e51c70>]}
[0m22:41:20.301026 [debug] [MainThread]: Flushing usage events
